** Drc report for cmfd-board-b.kicad_pcb **
** Created on 2026-07-22T13:49:55 **
** Report includes: Errors, Warnings **

** Found 126 DRC violations **
[hole_clearance]: Hole clearance violation (board setup constraints hole clearance 0.3000 mm; actual 0.1944 mm)
    Rule: board setup constraints hole; error
    @(37.6800 mm, 3.3000 mm): Pad A1 [<no net>] of J4 on F.Cu
    @(36.6050 mm, 3.6100 mm): NPTH pad of J4
[clearance]: Clearance violation ( clearance 0.2000 mm; actual 0.0000 mm)
    Local override; error
    @(30.0000 mm, 62.0000 mm): PTH pad 1 [<no net>] of J11
    @(30.0000 mm, 62.7800 mm): PTH pad 15 [<no net>] of J10
[hole_clearance]: Hole clearance violation (board setup constraints hole clearance 0.3000 mm; actual 0.1944 mm)
    Rule: board setup constraints hole; error
    @(37.6800 mm, 3.3000 mm): Pad B12 [<no net>] of J4 on F.Cu
    @(36.6050 mm, 3.6100 mm): NPTH pad of J4
[clearance]: Clearance violation ( clearance 0.2000 mm; actual 0.0600 mm)
    Local override; error
    @(30.0000 mm, 62.0000 mm): PTH pad 1 [<no net>] of J11
    @(30.0000 mm, 60.2400 mm): PTH pad 13 [<no net>] of J10
[hole_clearance]: Hole clearance violation (board setup constraints hole clearance 0.3000 mm; actual 0.1944 mm)
    Rule: board setup constraints hole; error
    @(19.6800 mm, 3.3000 mm): Pad A1 [<no net>] of J3 on F.Cu
    @(18.6050 mm, 3.6100 mm): NPTH pad of J3
[hole_clearance]: Hole clearance violation (board setup constraints hole clearance 0.3000 mm; actual 0.2586 mm)
    Rule: board setup constraints hole; error
    @(37.6800 mm, 4.1000 mm): Pad A4 [<no net>] of J4 on F.Cu
    @(36.6050 mm, 3.6100 mm): NPTH pad of J4
[hole_clearance]: Hole clearance violation (board setup constraints hole clearance 0.3000 mm; actual 0.2586 mm)
    Rule: board setup constraints hole; error
    @(37.6800 mm, 4.1000 mm): Pad B9 [<no net>] of J4 on F.Cu
    @(36.6050 mm, 3.6100 mm): NPTH pad of J4
[hole_clearance]: Hole clearance violation (board setup constraints hole clearance 0.3000 mm; actual 0.0262 mm)
    Rule: board setup constraints hole; error
    @(110.0000 mm, 80.5400 mm): PTH pad 2 [<no net>] of J_GND
    @(112.0000 mm, 82.0000 mm): NPTH pad of H3
[hole_clearance]: Hole clearance violation (board setup constraints hole clearance 0.3000 mm; actual 0.2586 mm)
    Rule: board setup constraints hole; error
    @(19.6800 mm, 4.1000 mm): Pad A4 [<no net>] of J3 on F.Cu
    @(18.6050 mm, 3.6100 mm): NPTH pad of J3
[hole_clearance]: Hole clearance violation (board setup constraints hole clearance 0.3000 mm; actual 0.0262 mm)
    Rule: board setup constraints hole; error
    @(110.0000 mm, 80.5400 mm): PTH pad 2 [<no net>] of J_GND
    @(112.0000 mm, 82.0000 mm): NPTH pad of H3
[clearance]: Clearance violation ( clearance 0.2000 mm; actual 0.0000 mm)
    Local override; error
    @(30.0000 mm, 62.0000 mm): PTH pad 1 [<no net>] of J11
    @(30.0000 mm, 62.7800 mm): PTH pad 15 [<no net>] of J10
[hole_clearance]: Hole clearance violation (board setup constraints hole clearance 0.3000 mm; actual 0.1944 mm)
    Rule: board setup constraints hole; error
    @(19.6800 mm, 3.3000 mm): Pad B12 [<no net>] of J3 on F.Cu
    @(18.6050 mm, 3.6100 mm): NPTH pad of J3
[hole_clearance]: Hole clearance violation (board setup constraints hole clearance 0.3000 mm; actual 0.2586 mm)
    Rule: board setup constraints hole; error
    @(37.6800 mm, 8.9000 mm): Pad B4 [<no net>] of J4 on F.Cu
    @(36.6050 mm, 9.3900 mm): NPTH pad of J4
[clearance]: Clearance violation ( clearance 0.2000 mm; actual 0.0600 mm)
    Local override; error
    @(30.0000 mm, 62.0000 mm): PTH pad 1 [<no net>] of J11
    @(30.0000 mm, 60.2400 mm): PTH pad 13 [<no net>] of J10
[hole_clearance]: Hole clearance violation (board setup constraints hole clearance 0.3000 mm; actual 0.2586 mm)
    Rule: board setup constraints hole; error
    @(19.6800 mm, 4.1000 mm): Pad B9 [<no net>] of J3 on F.Cu
    @(18.6050 mm, 3.6100 mm): NPTH pad of J3
[hole_clearance]: Hole clearance violation (board setup constraints hole clearance 0.3000 mm; actual 0.1944 mm)
    Rule: board setup constraints hole; error
    @(37.6800 mm, 9.7000 mm): Pad A12 [<no net>] of J4 on F.Cu
    @(36.6050 mm, 9.3900 mm): NPTH pad of J4
[hole_clearance]: Hole clearance violation (board setup constraints hole clearance 0.3000 mm; actual 0.1944 mm)
    Rule: board setup constraints hole; error
    @(37.6800 mm, 9.7000 mm): Pad B1 [<no net>] of J4 on F.Cu
    @(36.6050 mm, 9.3900 mm): NPTH pad of J4
[clearance]: Clearance violation ( clearance 0.2000 mm; actual 0.0600 mm)
    Local override; error
    @(32.5400 mm, 62.0000 mm): PTH pad 2 [<no net>] of J11
    @(32.5400 mm, 60.2400 mm): PTH pad 14 [<no net>] of J10
[clearance]: Clearance violation ( clearance 0.2000 mm; actual 0.0000 mm)
    Local override; error
    @(32.5400 mm, 62.0000 mm): PTH pad 2 [<no net>] of J11
    @(32.5400 mm, 62.7800 mm): PTH pad 16 [<no net>] of J10
[hole_clearance]: Hole clearance violation (board setup constraints hole clearance 0.3000 mm; actual 0.2586 mm)
    Rule: board setup constraints hole; error
    @(37.6800 mm, 8.9000 mm): Pad A9 [<no net>] of J4 on F.Cu
    @(36.6050 mm, 9.3900 mm): NPTH pad of J4
[hole_clearance]: Hole clearance violation (board setup constraints hole clearance 0.3000 mm; actual 0.2586 mm)
    Rule: board setup constraints hole; error
    @(19.6800 mm, 8.9000 mm): Pad A9 [<no net>] of J3 on F.Cu
    @(18.6050 mm, 9.3900 mm): NPTH pad of J3
[clearance]: Clearance violation ( clearance 0.2000 mm; actual 0.0000 mm)
    Local override; error
    @(32.5400 mm, 62.0000 mm): PTH pad 2 [<no net>] of J11
    @(32.5400 mm, 62.7800 mm): PTH pad 16 [<no net>] of J10
[hole_clearance]: Hole clearance violation (board setup constraints hole clearance 0.3000 mm; actual 0.2586 mm)
    Rule: board setup constraints hole; error
    @(19.6800 mm, 8.9000 mm): Pad B4 [<no net>] of J3 on F.Cu
    @(18.6050 mm, 9.3900 mm): NPTH pad of J3
[clearance]: Clearance violation ( clearance 0.2000 mm; actual 0.0600 mm)
    Local override; error
    @(32.5400 mm, 62.0000 mm): PTH pad 2 [<no net>] of J11
    @(32.5400 mm, 60.2400 mm): PTH pad 14 [<no net>] of J10
[hole_clearance]: Hole clearance violation (board setup constraints hole clearance 0.3000 mm; actual 0.1944 mm)
    Rule: board setup constraints hole; error
    @(19.6800 mm, 9.7000 mm): Pad A12 [<no net>] of J3 on F.Cu
    @(18.6050 mm, 9.3900 mm): NPTH pad of J3
[clearance]: Clearance violation ( clearance 0.2000 mm; actual 0.0600 mm)
    Local override; error
    @(30.0000 mm, 64.5400 mm): PTH pad 3 [<no net>] of J11
    @(30.0000 mm, 62.7800 mm): PTH pad 15 [<no net>] of J10
[clearance]: Clearance violation ( clearance 0.2000 mm; actual 0.0000 mm)
    Local override; error
    @(37.6800 mm, 3.3000 mm): Pad A1 [<no net>] of J4 on F.Cu
    @(37.6800 mm, 3.3000 mm): Pad B12 [<no net>] of J4 on F.Cu
[hole_clearance]: Hole clearance violation (board setup constraints hole clearance 0.3000 mm; actual 0.1944 mm)
    Rule: board setup constraints hole; error
    @(19.6800 mm, 9.7000 mm): Pad B1 [<no net>] of J3 on F.Cu
    @(18.6050 mm, 9.3900 mm): NPTH pad of J3
[clearance]: Clearance violation ( clearance 0.2000 mm; actual 0.0000 mm)
    Local override; error
    @(30.0000 mm, 64.5400 mm): PTH pad 3 [<no net>] of J11
    @(30.0000 mm, 65.3200 mm): PTH pad 17 [<no net>] of J10
[clearance]: Clearance violation ( clearance 0.2000 mm; actual 0.0600 mm)
    Local override; error
    @(30.0000 mm, 64.5400 mm): PTH pad 3 [<no net>] of J11
    @(30.0000 mm, 62.7800 mm): PTH pad 15 [<no net>] of J10
[clearance]: Clearance violation ( clearance 0.2000 mm; actual 0.0000 mm)
    Local override; error
    @(30.0000 mm, 64.5400 mm): PTH pad 3 [<no net>] of J11
    @(30.0000 mm, 65.3200 mm): PTH pad 17 [<no net>] of J10
[clearance]: Clearance violation ( clearance 0.2000 mm; actual 0.0000 mm)
    Local override; error
    @(19.6800 mm, 3.3000 mm): Pad A1 [<no net>] of J3 on F.Cu
    @(19.6800 mm, 3.3000 mm): Pad B12 [<no net>] of J3 on F.Cu
[clearance]: Clearance violation ( clearance 0.2000 mm; actual 0.0600 mm)
    Local override; error
    @(32.5400 mm, 64.5400 mm): PTH pad 4 [<no net>] of J11
    @(32.5400 mm, 62.7800 mm): PTH pad 16 [<no net>] of J10
[clearance]: Clearance violation ( clearance 0.2000 mm; actual 0.0000 mm)
    Local override; error
    @(32.5400 mm, 64.5400 mm): PTH pad 4 [<no net>] of J11
    @(32.5400 mm, 65.3200 mm): PTH pad 18 [<no net>] of J10
[clearance]: Clearance violation ( clearance 0.2000 mm; actual 0.0600 mm)
    Local override; error
    @(32.5400 mm, 64.5400 mm): PTH pad 4 [<no net>] of J11
    @(32.5400 mm, 62.7800 mm): PTH pad 16 [<no net>] of J10
[clearance]: Clearance violation ( clearance 0.2000 mm; actual 0.0000 mm)
    Local override; error
    @(37.6800 mm, 4.1000 mm): Pad A4 [<no net>] of J4 on F.Cu
    @(37.6800 mm, 4.1000 mm): Pad B9 [<no net>] of J4 on F.Cu
[clearance]: Clearance violation ( clearance 0.2000 mm; actual 0.0000 mm)
    Local override; error
    @(32.5400 mm, 64.5400 mm): PTH pad 4 [<no net>] of J11
    @(32.5400 mm, 65.3200 mm): PTH pad 18 [<no net>] of J10
[clearance]: Clearance violation ( clearance 0.2000 mm; actual 0.0600 mm)
    Local override; error
    @(30.0000 mm, 67.0800 mm): PTH pad 5 [<no net>] of J11
    @(30.0000 mm, 65.3200 mm): PTH pad 17 [<no net>] of J10
[clearance]: Clearance violation ( clearance 0.2000 mm; actual 0.0000 mm)
    Local override; error
    @(30.0000 mm, 67.0800 mm): PTH pad 5 [<no net>] of J11
    @(30.0000 mm, 67.8600 mm): PTH pad 19 [<no net>] of J10
[clearance]: Clearance violation ( clearance 0.2000 mm; actual 0.0000 mm)
    Local override; error
    @(19.6800 mm, 4.1000 mm): Pad A4 [<no net>] of J3 on F.Cu
    @(19.6800 mm, 4.1000 mm): Pad B9 [<no net>] of J3 on F.Cu
[clearance]: Clearance violation ( clearance 0.2000 mm; actual 0.0600 mm)
    Local override; error
    @(30.0000 mm, 67.0800 mm): PTH pad 5 [<no net>] of J11
    @(30.0000 mm, 65.3200 mm): PTH pad 17 [<no net>] of J10
[clearance]: Clearance violation ( clearance 0.2000 mm; actual 0.0000 mm)
    Local override; error
    @(30.0000 mm, 67.0800 mm): PTH pad 5 [<no net>] of J11
    @(30.0000 mm, 67.8600 mm): PTH pad 19 [<no net>] of J10
[clearance]: Clearance violation ( clearance 0.2000 mm; actual 0.0000 mm)
    Local override; error
    @(32.5400 mm, 67.0800 mm): PTH pad 6 [<no net>] of J11
    @(32.5400 mm, 67.8600 mm): PTH pad 20 [<no net>] of J10
[clearance]: Clearance violation ( clearance 0.2000 mm; actual 0.0600 mm)
    Local override; error
    @(32.5400 mm, 67.0800 mm): PTH pad 6 [<no net>] of J11
    @(32.5400 mm, 65.3200 mm): PTH pad 18 [<no net>] of J10
[clearance]: Clearance violation ( clearance 0.2000 mm; actual 0.0600 mm)
    Local override; error
    @(32.5400 mm, 67.0800 mm): PTH pad 6 [<no net>] of J11
    @(32.5400 mm, 65.3200 mm): PTH pad 18 [<no net>] of J10
[clearance]: Clearance violation ( clearance 0.2000 mm; actual 0.0000 mm)
    Local override; error
    @(32.5400 mm, 67.0800 mm): PTH pad 6 [<no net>] of J11
    @(32.5400 mm, 67.8600 mm): PTH pad 20 [<no net>] of J10
[clearance]: Clearance violation ( clearance 0.2000 mm; actual 0.0600 mm)
    Local override; error
    @(30.0000 mm, 69.6200 mm): PTH pad 7 [<no net>] of J11
    @(30.0000 mm, 67.8600 mm): PTH pad 19 [<no net>] of J10
[clearance]: Clearance violation ( clearance 0.2000 mm; actual 0.0600 mm)
    Local override; error
    @(30.0000 mm, 69.6200 mm): PTH pad 7 [<no net>] of J11
    @(30.0000 mm, 67.8600 mm): PTH pad 19 [<no net>] of J10
[clearance]: Clearance violation ( clearance 0.2000 mm; actual 0.0600 mm)
    Local override; error
    @(32.5400 mm, 69.6200 mm): PTH pad 8 [<no net>] of J11
    @(32.5400 mm, 67.8600 mm): PTH pad 20 [<no net>] of J10
[clearance]: Clearance violation ( clearance 0.2000 mm; actual 0.0000 mm)
    Local override; error
    @(37.6800 mm, 8.9000 mm): Pad A9 [<no net>] of J4 on F.Cu
    @(37.6800 mm, 8.9000 mm): Pad B4 [<no net>] of J4 on F.Cu
[clearance]: Clearance violation ( clearance 0.2000 mm; actual 0.0600 mm)
    Local override; error
    @(32.5400 mm, 69.6200 mm): PTH pad 8 [<no net>] of J11
    @(32.5400 mm, 67.8600 mm): PTH pad 20 [<no net>] of J10
[clearance]: Clearance violation ( clearance 0.2000 mm; actual 0.0000 mm)
    Local override; error
    @(37.6800 mm, 9.7000 mm): Pad A12 [<no net>] of J4 on F.Cu
    @(37.6800 mm, 9.7000 mm): Pad B1 [<no net>] of J4 on F.Cu
[clearance]: Clearance violation ( clearance 0.2000 mm; actual 0.0000 mm)
    Local override; error
    @(19.6800 mm, 8.9000 mm): Pad A9 [<no net>] of J3 on F.Cu
    @(19.6800 mm, 8.9000 mm): Pad B4 [<no net>] of J3 on F.Cu
[clearance]: Clearance violation ( clearance 0.2000 mm; actual 0.0000 mm)
    Local override; error
    @(19.6800 mm, 9.7000 mm): Pad A12 [<no net>] of J3 on F.Cu
    @(19.6800 mm, 9.7000 mm): Pad B1 [<no net>] of J3 on F.Cu
[courtyards_overlap]: Courtyards overlap
    Rule: board setup constraints courtyard; error
    @(112.0000 mm, 8.0000 mm): Footprint H2
    @(108.0000 mm, 5.0000 mm): Footprint J7
[courtyards_overlap]: Courtyards overlap
    Rule: board setup constraints courtyard; error
    @(30.0000 mm, 62.0000 mm): Footprint J11
    @(30.0000 mm, 45.0000 mm): Footprint J10
[pth_inside_courtyard]: PTH inside courtyard
    Local override; error
    @(30.0000 mm, 60.2400 mm): PTH pad 13 [<no net>] of J10
    @(30.0000 mm, 62.0000 mm): Footprint J11
[pth_inside_courtyard]: PTH inside courtyard
    Local override; error
    @(32.5400 mm, 60.2400 mm): PTH pad 14 [<no net>] of J10
    @(30.0000 mm, 62.0000 mm): Footprint J11
[pth_inside_courtyard]: PTH inside courtyard
    Local override; error
    @(30.0000 mm, 62.7800 mm): PTH pad 15 [<no net>] of J10
    @(30.0000 mm, 62.0000 mm): Footprint J11
[pth_inside_courtyard]: PTH inside courtyard
    Local override; error
    @(32.5400 mm, 62.7800 mm): PTH pad 16 [<no net>] of J10
    @(30.0000 mm, 62.0000 mm): Footprint J11
[pth_inside_courtyard]: PTH inside courtyard
    Local override; error
    @(30.0000 mm, 65.3200 mm): PTH pad 17 [<no net>] of J10
    @(30.0000 mm, 62.0000 mm): Footprint J11
[pth_inside_courtyard]: PTH inside courtyard
    Local override; error
    @(32.5400 mm, 65.3200 mm): PTH pad 18 [<no net>] of J10
    @(30.0000 mm, 62.0000 mm): Footprint J11
[pth_inside_courtyard]: PTH inside courtyard
    Local override; error
    @(30.0000 mm, 67.8600 mm): PTH pad 19 [<no net>] of J10
    @(30.0000 mm, 62.0000 mm): Footprint J11
[pth_inside_courtyard]: PTH inside courtyard
    Local override; error
    @(32.5400 mm, 67.8600 mm): PTH pad 20 [<no net>] of J10
    @(30.0000 mm, 62.0000 mm): Footprint J11
[pth_inside_courtyard]: PTH inside courtyard
    Local override; error
    @(30.0000 mm, 62.0000 mm): PTH pad 1 [<no net>] of J11
    @(30.0000 mm, 45.0000 mm): Footprint J10
[pth_inside_courtyard]: PTH inside courtyard
    Local override; error
    @(32.5400 mm, 62.0000 mm): PTH pad 2 [<no net>] of J11
    @(30.0000 mm, 45.0000 mm): Footprint J10
[pth_inside_courtyard]: PTH inside courtyard
    Local override; error
    @(30.0000 mm, 64.5400 mm): PTH pad 3 [<no net>] of J11
    @(30.0000 mm, 45.0000 mm): Footprint J10
[pth_inside_courtyard]: PTH inside courtyard
    Local override; error
    @(32.5400 mm, 64.5400 mm): PTH pad 4 [<no net>] of J11
    @(30.0000 mm, 45.0000 mm): Footprint J10
[pth_inside_courtyard]: PTH inside courtyard
    Local override; error
    @(30.0000 mm, 67.0800 mm): PTH pad 5 [<no net>] of J11
    @(30.0000 mm, 45.0000 mm): Footprint J10
[pth_inside_courtyard]: PTH inside courtyard
    Local override; error
    @(32.5400 mm, 67.0800 mm): PTH pad 6 [<no net>] of J11
    @(30.0000 mm, 45.0000 mm): Footprint J10
[pth_inside_courtyard]: PTH inside courtyard
    Local override; error
    @(30.0000 mm, 69.6200 mm): PTH pad 7 [<no net>] of J11
    @(30.0000 mm, 45.0000 mm): Footprint J10
[pth_inside_courtyard]: PTH inside courtyard
    Local override; error
    @(32.5400 mm, 69.6200 mm): PTH pad 8 [<no net>] of J11
    @(30.0000 mm, 45.0000 mm): Footprint J10
[courtyards_overlap]: Courtyards overlap
    Rule: board setup constraints courtyard; error
    @(112.0000 mm, 82.0000 mm): Footprint H3
    @(110.0000 mm, 78.0000 mm): Footprint J_GND
[pth_inside_courtyard]: PTH inside courtyard
    Local override; error
    @(110.0000 mm, 80.5400 mm): PTH pad 2 [<no net>] of J_GND
    @(112.0000 mm, 82.0000 mm): Footprint H3
[npth_inside_courtyard]: NPTH inside courtyard
    Local override; error
    @(112.0000 mm, 82.0000 mm): NPTH pad of H3
    @(110.0000 mm, 78.0000 mm): Footprint J_GND
[copper_edge_clearance]: Board edge clearance violation (board setup constraints edge clearance 0.5000 mm; actual 0.0000 mm)
    Rule: board setup constraints edge; error
    @(120.0000 mm, 90.0000 mm): Segment on Edge.Cuts
    @(40.0000 mm, 90.7000 mm): PTH pad 6 [<no net>] of J_BEZEL
[solder_mask_bridge]: Front solder mask aperture bridges items with different nets
    Rule: board setup solder mask min width; error
    @(30.0000 mm, 67.0800 mm): PTH pad 5 [<no net>] of J11
    @(30.0000 mm, 67.8600 mm): PTH pad 19 [<no net>] of J10
[solder_mask_bridge]: Rear solder mask aperture bridges items with different nets
    Rule: board setup solder mask min width; error
    @(30.0000 mm, 67.0800 mm): PTH pad 5 [<no net>] of J11
    @(30.0000 mm, 67.8600 mm): PTH pad 19 [<no net>] of J10
[solder_mask_bridge]: Front solder mask aperture bridges items with different nets
    Rule: board setup solder mask min width; error
    @(37.6800 mm, 8.9000 mm): Pad A9 [<no net>] of J4 on F.Cu
    @(37.6800 mm, 8.9000 mm): Pad B4 [<no net>] of J4 on F.Cu
[solder_mask_bridge]: Front solder mask aperture bridges items with different nets
    Rule: board setup solder mask min width; error
    @(37.6800 mm, 9.7000 mm): Pad A12 [<no net>] of J4 on F.Cu
    @(37.6800 mm, 9.7000 mm): Pad B1 [<no net>] of J4 on F.Cu
[solder_mask_bridge]: Front solder mask aperture bridges items with different nets
    Rule: board setup solder mask min width; error
    @(19.6800 mm, 3.3000 mm): Pad A1 [<no net>] of J3 on F.Cu
    @(19.6800 mm, 3.3000 mm): Pad B12 [<no net>] of J3 on F.Cu
[solder_mask_bridge]: Front solder mask aperture bridges items with different nets
    Rule: board setup solder mask min width; error
    @(37.6800 mm, 3.3000 mm): Pad B12 [<no net>] of J4 on F.Cu
    @(37.6800 mm, 3.3000 mm): Pad A1 [<no net>] of J4 on F.Cu
[solder_mask_bridge]: Front solder mask aperture bridges items with different nets
    Rule: board setup solder mask min width; error
    @(19.6800 mm, 4.1000 mm): Pad B9 [<no net>] of J3 on F.Cu
    @(19.6800 mm, 4.1000 mm): Pad A4 [<no net>] of J3 on F.Cu
[solder_mask_bridge]: Front solder mask aperture bridges items with different nets
    Rule: board setup solder mask min width; error
    @(37.6800 mm, 4.1000 mm): Pad B9 [<no net>] of J4 on F.Cu
    @(37.6800 mm, 4.1000 mm): Pad A4 [<no net>] of J4 on F.Cu
[solder_mask_bridge]: Rear solder mask aperture bridges items with different nets
    Rule: board setup solder mask min width; error
    @(32.5400 mm, 67.0800 mm): PTH pad 6 [<no net>] of J11
    @(32.5400 mm, 67.8600 mm): PTH pad 20 [<no net>] of J10
[solder_mask_bridge]: Front solder mask aperture bridges items with different nets
    Rule: board setup solder mask min width; error
    @(32.5400 mm, 67.8600 mm): PTH pad 20 [<no net>] of J10
    @(32.5400 mm, 67.0800 mm): PTH pad 6 [<no net>] of J11
[solder_mask_bridge]: Front solder mask aperture bridges items with different nets
    Rule: board setup solder mask min width; error
    @(30.0000 mm, 62.0000 mm): PTH pad 1 [<no net>] of J11
    @(30.0000 mm, 62.7800 mm): PTH pad 15 [<no net>] of J10
[solder_mask_bridge]: Front solder mask aperture bridges items with different nets
    Rule: board setup solder mask min width; error
    @(32.5400 mm, 62.0000 mm): PTH pad 2 [<no net>] of J11
    @(32.5400 mm, 62.7800 mm): PTH pad 16 [<no net>] of J10
[solder_mask_bridge]: Rear solder mask aperture bridges items with different nets
    Rule: board setup solder mask min width; error
    @(32.5400 mm, 62.0000 mm): PTH pad 2 [<no net>] of J11
    @(32.5400 mm, 62.7800 mm): PTH pad 16 [<no net>] of J10
[solder_mask_bridge]: Front solder mask aperture bridges items with different nets
    Rule: board setup solder mask min width; error
    @(30.0000 mm, 64.5400 mm): PTH pad 3 [<no net>] of J11
    @(30.0000 mm, 65.3200 mm): PTH pad 17 [<no net>] of J10
[solder_mask_bridge]: Rear solder mask aperture bridges items with different nets
    Rule: board setup solder mask min width; error
    @(30.0000 mm, 64.5400 mm): PTH pad 3 [<no net>] of J11
    @(30.0000 mm, 65.3200 mm): PTH pad 17 [<no net>] of J10
[solder_mask_bridge]: Front solder mask aperture bridges items with different nets
    Rule: board setup solder mask min width; error
    @(32.5400 mm, 64.5400 mm): PTH pad 4 [<no net>] of J11
    @(32.5400 mm, 65.3200 mm): PTH pad 18 [<no net>] of J10
[solder_mask_bridge]: Rear solder mask aperture bridges items with different nets
    Rule: board setup solder mask min width; error
    @(32.5400 mm, 64.5400 mm): PTH pad 4 [<no net>] of J11
    @(32.5400 mm, 65.3200 mm): PTH pad 18 [<no net>] of J10
[solder_mask_bridge]: Rear solder mask aperture bridges items with different nets
    Rule: board setup solder mask min width; error
    @(30.0000 mm, 62.7800 mm): PTH pad 15 [<no net>] of J10
    @(30.0000 mm, 62.0000 mm): PTH pad 1 [<no net>] of J11
[solder_mask_bridge]: Front solder mask aperture bridges items with different nets
    Rule: board setup solder mask min width; error
    @(19.6800 mm, 8.9000 mm): Pad A9 [<no net>] of J3 on F.Cu
    @(19.6800 mm, 8.9000 mm): Pad B4 [<no net>] of J3 on F.Cu
[solder_mask_bridge]: Front solder mask aperture bridges items with different nets
    Rule: board setup solder mask min width; error
    @(19.6800 mm, 9.7000 mm): Pad A12 [<no net>] of J3 on F.Cu
    @(19.6800 mm, 9.7000 mm): Pad B1 [<no net>] of J3 on F.Cu
[silk_edge_clearance]: Silkscreen clipped by board edge
    Rule: board setup constraints silk; warning
    @(0.0000 mm, 90.0000 mm): Segment on Edge.Cuts
    @(3.0000 mm, 84.0000 mm): PCB text 'ports on y=0 edge  |  wire bezel + M12 here' on F.Silkscreen
[silk_edge_clearance]: Silkscreen clipped by board edge
    Rule: board setup constraints silk; warning
    @(0.0000 mm, 90.0000 mm): Segment on Edge.Cuts
    @(3.0000 mm, 87.0000 mm): PCB text 'CMFD BOARD-B  CARRIER' on F.Silkscreen
[silk_edge_clearance]: Silkscreen clipped by board edge
    Rule: board setup constraints silk; warning
    @(120.0000 mm, 90.0000 mm): Segment on Edge.Cuts
    @(38.6200 mm, 79.2700 mm): Segment of J_BEZEL on F.Silkscreen
[silk_edge_clearance]: Silkscreen clipped by board edge
    Rule: board setup constraints silk; warning
    @(120.0000 mm, 90.0000 mm): Segment on Edge.Cuts
    @(41.3800 mm, 79.2700 mm): Segment of J_BEZEL on F.Silkscreen
[hole_to_hole]: Drilled hole too close to other hole (board setup constraints min 0.4995 mm; actual 0.0000 mm)
    Rule: board setup constraints; warning
    @(30.0000 mm, 62.7800 mm): PTH pad 15 [<no net>] of J10
    @(30.0000 mm, 62.0000 mm): PTH pad 1 [<no net>] of J11
[hole_to_hole]: Drilled hole too close to other hole (board setup constraints min 0.4995 mm; actual 0.0000 mm)
    Rule: board setup constraints; warning
    @(32.5400 mm, 62.0000 mm): PTH pad 2 [<no net>] of J11
    @(32.5400 mm, 62.7800 mm): PTH pad 16 [<no net>] of J10
[hole_to_hole]: Drilled hole too close to other hole (board setup constraints min 0.4995 mm; actual 0.0000 mm)
    Rule: board setup constraints; warning
    @(30.0000 mm, 65.3200 mm): PTH pad 17 [<no net>] of J10
    @(30.0000 mm, 64.5400 mm): PTH pad 3 [<no net>] of J11
[hole_to_hole]: Drilled hole too close to other hole (board setup constraints min 0.4995 mm; actual 0.0000 mm)
    Rule: board setup constraints; warning
    @(32.5400 mm, 65.3200 mm): PTH pad 18 [<no net>] of J10
    @(32.5400 mm, 64.5400 mm): PTH pad 4 [<no net>] of J11
[hole_to_hole]: Drilled hole too close to other hole (board setup constraints min 0.4995 mm; actual 0.0000 mm)
    Rule: board setup constraints; warning
    @(30.0000 mm, 67.8600 mm): PTH pad 19 [<no net>] of J10
    @(30.0000 mm, 67.0800 mm): PTH pad 5 [<no net>] of J11
[hole_to_hole]: Drilled hole too close to other hole (board setup constraints min 0.4995 mm; actual 0.0000 mm)
    Rule: board setup constraints; warning
    @(32.5400 mm, 67.8600 mm): PTH pad 20 [<no net>] of J10
    @(32.5400 mm, 67.0800 mm): PTH pad 6 [<no net>] of J11
[hole_to_hole]: Drilled hole too close to other hole (board setup constraints min 0.4995 mm; actual 0.3762 mm)
    Rule: board setup constraints; warning
    @(110.0000 mm, 80.5400 mm): PTH pad 2 [<no net>] of J_GND
    @(112.0000 mm, 82.0000 mm): NPTH pad of H3
[text_height]: Text height out of range (board setup constraints silk text height min height 0.8000 mm; actual 0.6500 mm)
    Rule: board setup constraints silk text height; warning
    @(3.0000 mm, 84.0000 mm): PCB text 'ports on y=0 edge  |  wire bezel + M12 here' on F.Silkscreen
[silk_overlap]: Silkscreen clearance
    Rule: board setup constraints silk; warning
    @(28.6200 mm, 46.2700 mm): Segment of J10 on F.Silkscreen
    @(28.6200 mm, 60.6200 mm): Segment of J11 on F.Silkscreen
[silk_overlap]: Silkscreen clearance
    Rule: board setup constraints silk; warning
    @(28.6200 mm, 62.0000 mm): Segment of J11 on F.Silkscreen
    @(28.6200 mm, 46.2700 mm): Segment of J10 on F.Silkscreen
[silk_overlap]: Silkscreen clearance
    Rule: board setup constraints silk; warning
    @(28.6200 mm, 63.2700 mm): Segment of J11 on F.Silkscreen
    @(28.6200 mm, 46.2700 mm): Segment of J10 on F.Silkscreen
[silk_overlap]: Silkscreen clearance
    Rule: board setup constraints silk; warning
    @(28.6200 mm, 63.2700 mm): Segment of J11 on F.Silkscreen
    @(28.6200 mm, 46.2700 mm): Segment of J10 on F.Silkscreen
[silk_overlap]: Silkscreen clearance
    Rule: board setup constraints silk; warning
    @(33.9200 mm, 43.6200 mm): Segment of J10 on F.Silkscreen
    @(31.2700 mm, 60.6200 mm): Segment of J11 on F.Silkscreen
[silk_overlap]: Silkscreen clearance
    Rule: board setup constraints silk; warning
    @(33.9200 mm, 60.6200 mm): Segment of J11 on F.Silkscreen
    @(33.9200 mm, 43.6200 mm): Segment of J10 on F.Silkscreen
[silk_overlap]: Silkscreen clearance
    Rule: board setup constraints silk; warning
    @(28.6200 mm, 63.2700 mm): Segment of J11 on F.Silkscreen
    @(28.6200 mm, 69.2400 mm): Segment of J10 on F.Silkscreen
[silk_overlap]: Silkscreen clearance
    Rule: board setup constraints silk; warning
    @(33.9200 mm, 60.6200 mm): Segment of J11 on F.Silkscreen
    @(28.6200 mm, 69.2400 mm): Segment of J10 on F.Silkscreen
[silk_over_copper]: Silkscreen clipped by solder mask
    Local override; warning
    @(3.0000 mm, 84.0000 mm): PCB text 'ports on y=0 edge  |  wire bezel + M12 here' on F.Silkscreen
    @(8.0000 mm, 82.0000 mm): NPTH pad of H4
[silk_over_copper]: Silkscreen clipped by solder mask
    Local override; warning
    @(31.2700 mm, 59.6200 mm): Reference field of J11
    @(30.0000 mm, 60.2400 mm): PTH pad 13 [<no net>] of J10
[silk_over_copper]: Silkscreen clipped by solder mask
    Local override; warning
    @(31.2700 mm, 59.6200 mm): Reference field of J11
    @(32.5400 mm, 60.2400 mm): PTH pad 14 [<no net>] of J10
[silk_over_copper]: Silkscreen clipped by solder mask
    Local override; warning
    @(31.2700 mm, 60.6200 mm): Segment of J11 on F.Silkscreen
    @(32.5400 mm, 60.2400 mm): PTH pad 14 [<no net>] of J10
[silk_over_copper]: Silkscreen clipped by solder mask
    Local override; warning
    @(28.6200 mm, 60.6200 mm): Segment of J11 on F.Silkscreen
    @(30.0000 mm, 60.2400 mm): PTH pad 13 [<no net>] of J10
[silk_over_copper]: Silkscreen clipped by solder mask
    Local override; warning
    @(28.6200 mm, 69.2400 mm): Segment of J10 on F.Silkscreen
    @(32.5400 mm, 69.6200 mm): PTH pad 8 [<no net>] of J11
[silk_over_copper]: Silkscreen clipped by solder mask
    Local override; warning
    @(28.6200 mm, 69.2400 mm): Segment of J10 on F.Silkscreen
    @(30.0000 mm, 69.6200 mm): PTH pad 7 [<no net>] of J11
[silk_over_copper]: Silkscreen clipped by solder mask
    Local override; warning
    @(28.6200 mm, 63.2700 mm): Segment of J11 on F.Silkscreen
    @(30.0000 mm, 62.7800 mm): PTH pad 15 [<no net>] of J10
[silk_over_copper]: Silkscreen clipped by solder mask
    Local override; warning
    @(108.6200 mm, 81.9200 mm): Segment of J_GND on F.Silkscreen
    @(112.0000 mm, 82.0000 mm): NPTH pad of H3
[silk_over_copper]: Silkscreen clipped by solder mask
    Local override; warning
    @(111.3800 mm, 79.2700 mm): Segment of J_GND on F.Silkscreen
    @(112.0000 mm, 82.0000 mm): NPTH pad of H3

** Found 0 unconnected pads **

** Found 0 Footprint errors **

** Ignored checks **
    - Footprint has no courtyard defined
    - Track endpoint not centered on via
    - Tuning profile track geometries
    - Footprint doesn't match symbol's footprint filters
    - Footprint component type doesn't match footprint pads

** End of Report **
